<?xml version="1.0" encoding="UTF-8"?>
<testng-results skipped="0" failed="0" total="2" passed="2">
  <reporter-output>
  </reporter-output>
  <suite name="Default suite" duration-ms="13646" started-at="2021-01-19T12:10:39Z" finished-at="2021-01-19T12:10:52Z">
    <groups>
    </groups>
    <test name="Default test" duration-ms="13646" started-at="2021-01-19T12:10:39Z" finished-at="2021-01-19T12:10:52Z">
      <class name="Testpackage.TestNG_Report">
        <test-method status="PASS" signature="start()[pri:0, instance:Testpackage.TestNG_Report@1be98f5]" name="start" is-config="true" duration-ms="241" started-at="2021-01-19T17:40:39Z" finished-at="2021-01-19T17:40:39Z">
          <reporter-output>
          </reporter-output>
        </test-method> <!-- start -->
        <test-method status="PASS" signature="StartTest()[pri:0, instance:Testpackage.TestNG_Report@1be98f5]" name="StartTest" is-config="true" duration-ms="2792" started-at="2021-01-19T17:40:39Z" finished-at="2021-01-19T17:40:42Z">
          <reporter-output>
          </reporter-output>
        </test-method> <!-- StartTest -->
        <test-method status="PASS" signature="TestBody1()[pri:0, instance:Testpackage.TestNG_Report@1be98f5]" name="TestBody1" duration-ms="4929" started-at="2021-01-19T17:40:42Z" finished-at="2021-01-19T17:40:46Z">
          <reporter-output>
          </reporter-output>
        </test-method> <!-- TestBody1 -->
        <test-method status="PASS" signature="TestBody2()[pri:0, instance:Testpackage.TestNG_Report@1be98f5]" name="TestBody2" duration-ms="1876" started-at="2021-01-19T17:40:46Z" finished-at="2021-01-19T17:40:48Z">
          <reporter-output>
          </reporter-output>
        </test-method> <!-- TestBody2 -->
        <test-method status="PASS" signature="EndTest()[pri:0, instance:Testpackage.TestNG_Report@1be98f5]" name="EndTest" is-config="true" duration-ms="4041" started-at="2021-01-19T17:40:48Z" finished-at="2021-01-19T17:40:52Z">
          <reporter-output>
          </reporter-output>
        </test-method> <!-- EndTest -->
        <test-method status="PASS" signature="End()[pri:0, instance:Testpackage.TestNG_Report@1be98f5]" name="End" is-config="true" duration-ms="279" started-at="2021-01-19T17:40:52Z" finished-at="2021-01-19T17:40:53Z">
          <reporter-output>
          </reporter-output>
        </test-method> <!-- End -->
      </class> <!-- Testpackage.TestNG_Report -->
    </test> <!-- Default test -->
  </suite> <!-- Default suite -->
</testng-results>
